<?xml version="1.0" encoding="UTF-8"?>
<testng-results ignored="0" total="1" passed="1" failed="0" skipped="0">
  <reporter-output>
    <line>
      <![CDATA[Execution Started]]>
    </line>
    <line>
      <![CDATA[Chrome Browser Launched]]>
    </line>
    <line>
      <![CDATA[Performing Login]]>
    </line>
    <line>
      <![CDATA[Performing Logout]]>
    </line>
    <line>
      <![CDATA[Closing Browser]]>
    </line>
    <line>
      <![CDATA[Execution Ended]]>
    </line>
  </reporter-output>
  <suite started-at="2024-04-23T22:29:41 EDT" name="Default suite" finished-at="2024-04-23T22:30:04 EDT" duration-ms="22977">
    <groups>
    </groups>
    <test started-at="2024-04-23T22:29:41 EDT" name="Default test" finished-at="2024-04-23T22:30:04 EDT" duration-ms="22977">
      <class name="testscripts.ViewTransactionsTest">
        <test-method is-config="true" signature="extentReportSetUp()[pri:0, instance:testscripts.ViewTransactionsTest@27462a88]" started-at="2024-04-23T22:29:41 EDT" name="extentReportSetUp" finished-at="2024-04-23T22:29:41 EDT" duration-ms="166" status="PASS">
          <reporter-output>
            <line>
              <![CDATA[Execution Started]]>
            </line>
          </reporter-output>
        </test-method> <!-- extentReportSetUp -->
        <test-method is-config="true" signature="launchingBrowser(java.lang.String)[pri:0, instance:testscripts.ViewTransactionsTest@27462a88]" started-at="2024-04-23T22:29:41 EDT" name="launchingBrowser" finished-at="2024-04-23T22:29:44 EDT" duration-ms="2806" status="PASS">
          <params>
            <param index="0">
              <value>
                <![CDATA[Chrome]]>
              </value>
            </param>
          </params>
          <reporter-output>
            <line>
              <![CDATA[Chrome Browser Launched]]>
            </line>
          </reporter-output>
        </test-method> <!-- launchingBrowser -->
        <test-method is-config="true" signature="performingLogin(java.lang.reflect.Method)[pri:0, instance:testscripts.ViewTransactionsTest@27462a88]" started-at="2024-04-23T22:29:44 EDT" name="performingLogin" finished-at="2024-04-23T22:29:54 EDT" duration-ms="9835" status="PASS">
          <params>
            <param index="0">
              <value>
                <![CDATA[public void testscripts.ViewTransactionsTest.ViewTransactionsTestCase() throws java.lang.InterruptedException]]>
              </value>
            </param>
          </params>
          <reporter-output>
            <line>
              <![CDATA[Performing Login]]>
            </line>
          </reporter-output>
        </test-method> <!-- performingLogin -->
        <test-method signature="ViewTransactionsTestCase()[pri:0, instance:testscripts.ViewTransactionsTest@27462a88]" started-at="2024-04-23T22:29:54 EDT" name="ViewTransactionsTestCase" finished-at="2024-04-23T22:30:04 EDT" duration-ms="10052" status="PASS">
          <reporter-output>
          </reporter-output>
        </test-method> <!-- ViewTransactionsTestCase -->
        <test-method is-config="true" signature="performingLogout()[pri:0, instance:testscripts.ViewTransactionsTest@27462a88]" started-at="2024-04-23T22:30:04 EDT" name="performingLogout" finished-at="2024-04-23T22:30:04 EDT" duration-ms="167" status="PASS">
          <reporter-output>
            <line>
              <![CDATA[Performing Logout]]>
            </line>
          </reporter-output>
        </test-method> <!-- performingLogout -->
        <test-method is-config="true" signature="closingBrowser()[pri:0, instance:testscripts.ViewTransactionsTest@27462a88]" started-at="2024-04-23T22:30:04 EDT" name="closingBrowser" finished-at="2024-04-23T22:30:04 EDT" duration-ms="101" status="PASS">
          <reporter-output>
            <line>
              <![CDATA[Closing Browser]]>
            </line>
          </reporter-output>
        </test-method> <!-- closingBrowser -->
        <test-method is-config="true" signature="extentReportFlush()[pri:0, instance:testscripts.ViewTransactionsTest@27462a88]" started-at="2024-04-23T22:30:04 EDT" name="extentReportFlush" finished-at="2024-04-23T22:30:04 EDT" duration-ms="218" status="PASS">
          <reporter-output>
            <line>
              <![CDATA[Execution Ended]]>
            </line>
          </reporter-output>
        </test-method> <!-- extentReportFlush -->
      </class> <!-- testscripts.ViewTransactionsTest -->
    </test> <!-- Default test -->
  </suite> <!-- Default suite -->
</testng-results>
